Mensaje I / 00:00:00:000 / Root(00) para top(01)
Mensaje I / 00:00:00:000 / top(01) para mytransmitter(02)
Mensaje D / 00:00:00:000 / mytransmitter(02) / ... para top(01)
Mensaje D / 00:00:00:000 / top(01) / ... para Root(00)
Mensaje X / 00:00:00:005 / Root(00) / in /      1.00000 para top(01)
Mensaje X / 00:00:00:005 / top(01) / in /      1.00000 para mytransmitter(02)
Mensaje D / 00:00:00:005 / mytransmitter(02) / 00:00:00:000 para top(01)
Mensaje D / 00:00:00:005 / top(01) / 00:00:00:000 para Root(00)
Mensaje * / 00:00:00:005 / Root(00) para top(01)
Mensaje * / 00:00:00:005 / top(01) para mytransmitter(02)
Mensaje Y / 00:00:00:005 / mytransmitter(02) / out /      1.00000 para top(01)
Mensaje D / 00:00:00:005 / mytransmitter(02) / ... para top(01)
Mensaje Y / 00:00:00:005 / top(01) / out /      1.00000 para Root(00)
Mensaje D / 00:00:00:005 / top(01) / ... para Root(00)
Mensaje X / 00:00:05:010 / Root(00) / in /      0.00000 para top(01)
Mensaje X / 00:00:05:010 / top(01) / in /      0.00000 para mytransmitter(02)
Mensaje D / 00:00:05:010 / mytransmitter(02) / 00:00:00:000 para top(01)
Mensaje D / 00:00:05:010 / top(01) / 00:00:00:000 para Root(00)
Mensaje * / 00:00:05:010 / Root(00) para top(01)
Mensaje * / 00:00:05:010 / top(01) para mytransmitter(02)
Mensaje Y / 00:00:05:010 / mytransmitter(02) / out /      0.00000 para top(01)
Mensaje D / 00:00:05:010 / mytransmitter(02) / ... para top(01)
Mensaje Y / 00:00:05:010 / top(01) / out /      0.00000 para Root(00)
Mensaje D / 00:00:05:010 / top(01) / ... para Root(00)
Mensaje X / 00:00:10:025 / Root(00) / in /      1.00000 para top(01)
Mensaje X / 00:00:10:025 / top(01) / in /      1.00000 para mytransmitter(02)
Mensaje D / 00:00:10:025 / mytransmitter(02) / 00:00:00:000 para top(01)
Mensaje D / 00:00:10:025 / top(01) / 00:00:00:000 para Root(00)
Mensaje * / 00:00:10:025 / Root(00) para top(01)
Mensaje * / 00:00:10:025 / top(01) para mytransmitter(02)
Mensaje Y / 00:00:10:025 / mytransmitter(02) / out /      1.00000 para top(01)
Mensaje D / 00:00:10:025 / mytransmitter(02) / ... para top(01)
Mensaje Y / 00:00:10:025 / top(01) / out /      1.00000 para Root(00)
Mensaje D / 00:00:10:025 / top(01) / ... para Root(00)
Mensaje X / 00:00:15:040 / Root(00) / in /      1.00000 para top(01)
Mensaje X / 00:00:15:040 / top(01) / in /      1.00000 para mytransmitter(02)
Mensaje D / 00:00:15:040 / mytransmitter(02) / ... para top(01)
Mensaje D / 00:00:15:040 / top(01) / ... para Root(00)
Mensaje X / 00:00:20:060 / Root(00) / in /      0.00000 para top(01)
Mensaje X / 00:00:20:060 / top(01) / in /      0.00000 para mytransmitter(02)
Mensaje D / 00:00:20:060 / mytransmitter(02) / 00:00:00:000 para top(01)
Mensaje D / 00:00:20:060 / top(01) / 00:00:00:000 para Root(00)
Mensaje * / 00:00:20:060 / Root(00) para top(01)
Mensaje * / 00:00:20:060 / top(01) para mytransmitter(02)
Mensaje Y / 00:00:20:060 / mytransmitter(02) / out /      0.00000 para top(01)
Mensaje D / 00:00:20:060 / mytransmitter(02) / ... para top(01)
Mensaje Y / 00:00:20:060 / top(01) / out /      0.00000 para Root(00)
Mensaje D / 00:00:20:060 / top(01) / ... para Root(00)
Mensaje X / 00:00:25:080 / Root(00) / in /      1.00000 para top(01)
Mensaje X / 00:00:25:080 / top(01) / in /      1.00000 para mytransmitter(02)
Mensaje D / 00:00:25:080 / mytransmitter(02) / 00:00:00:000 para top(01)
Mensaje D / 00:00:25:080 / top(01) / 00:00:00:000 para Root(00)
Mensaje * / 00:00:25:080 / Root(00) para top(01)
Mensaje * / 00:00:25:080 / top(01) para mytransmitter(02)
Mensaje Y / 00:00:25:080 / mytransmitter(02) / out /      1.00000 para top(01)
Mensaje D / 00:00:25:080 / mytransmitter(02) / ... para top(01)
Mensaje Y / 00:00:25:080 / top(01) / out /      1.00000 para Root(00)
Mensaje D / 00:00:25:080 / top(01) / ... para Root(00)
